#
# There is insufficient memory for the Java Runtime Environment to continue.
# Native memory allocation (mmap) failed to map 125829120 bytes for Failed to commit area from 0x0000000089000000 to 0x0000000090800000 of length 125829120.
# Possible reasons:
#   The system is out of physical RAM or swap space
#   The process is running with CompressedOops enabled, and the Java Heap may be blocking the growth of the native heap
# Possible solutions:
#   Reduce memory load on the system
#   Increase physical memory or swap space
#   Check if swap backing store is full
#   Decrease Java heap size (-Xmx/-Xms)
#   Decrease number of Java threads
#   Decrease Java thread stack sizes (-Xss)
#   Set larger code cache with -XX:ReservedCodeCacheSize=
# This output file may be truncated or incomplete.
#
#  Out of Memory Error (c:/BuildAgent/work/5ff2f6c26000d570/src/hotspot/os/windows/os_windows.cpp:3291), pid=7700, tid=20784
#
# JRE version:  (11.0.5+10) (build )
# Java VM: OpenJDK 64-Bit Server VM (11.0.5+10-b520.38, mixed mode, aot, sharing, tiered, compressed oops, g1 gc, windows-amd64)
# No core dump will be written. Minidumps are not enabled by default on client versions of Windows
#

---------------  S U M M A R Y ------------

Command Line: -javaagent:C:\Users\Victory\.m2\repository/org/aspectj/aspectjweaver/1.9.7/aspectjweaver-1.9.7.jar C:\Users\Victory\AppData\Local\Temp\surefire4831131735127570902\surefirebooter9668888111679532662.jar C:\Users\Victory\AppData\Local\Temp\surefire4831131735127570902 2023-03-12T18-42-51_582-jvmRun1 surefire1713449628191835186tmp surefire_05376010633107044515tmp

Host: Intel(R) Core(TM) i5-8250U CPU @ 1.60GHz, 8 cores, 7G,  Windows 10 , 64 bit Build 19041 (10.0.19041.2546)
Time: Sun Mar 12 18:43:03 2023 RTZ 2 (зима) elapsed time: 0 seconds (0d 0h 0m 0s)

---------------  T H R E A D  ---------------

Current thread (0x000002cead8a8800):  JavaThread "Unknown thread" [_thread_in_vm, id=20784, stack(0x000000d030200000,0x000000d030300000)]

Stack: [0x000000d030200000,0x000000d030300000]
Native frames: (J=compiled Java code, j=interpreted, Vv=VM code, C=native code)
V  [jvm.dll+0x5dcafa]
V  [jvm.dll+0x70e375]
V  [jvm.dll+0x70f898]
V  [jvm.dll+0x70ff63]
V  [jvm.dll+0x23e238]
V  [jvm.dll+0x5da1c4]
V  [jvm.dll+0x5cf265]
V  [jvm.dll+0x2fac3b]
V  [jvm.dll+0x2fabaa]
V  [jvm.dll+0x2faa82]
V  [jvm.dll+0x2ff956]
V  [jvm.dll+0x3480d3]
V  [jvm.dll+0x3487d6]
V  [jvm.dll+0x3481d3]
V  [jvm.dll+0x2d5548]
V  [jvm.dll+0x2d66e7]
V  [jvm.dll+0x6ed237]
V  [jvm.dll+0x6eea2c]
V  [jvm.dll+0x355849]
V  [jvm.dll+0x6d239e]
V  [jvm.dll+0x3be283]
V  [jvm.dll+0x3c0701]
C  [jli.dll+0x5363]
C  [ucrtbase.dll+0x21bb2]
C  [KERNEL32.DLL+0x17614]
C  [ntdll.dll+0x526a1]


---------------  P R O C E S S  ---------------

Threads class SMR info:
_java_thread_list=0x000002ceab694530, length=0, elements={
}

Java Threads: ( => current thread )

Other Threads:
  0x000002cead8c0800 GCTaskThread "GC Thread#0" [stack: 0x000000d030300000,0x000000d030400000] [id=3916]
  0x000002cead8ee800 ConcurrentGCThread "G1 Main Marker" [stack: 0x000000d030400000,0x000000d030500000] [id=11212]
  0x000002cead8ef800 ConcurrentGCThread "G1 Conc#0" [stack: 0x000000d030500000,0x000000d030600000] [id=11724]

[error occurred during error reporting (printing all threads), id 0xc0000005, EXCEPTION_ACCESS_VIOLATION (0xc0000005) at pc=0x00007ffe9f9f5c17]

VM state:not at safepoint (not fully initialized)

VM Mutex/Monitor currently owned by a thread:  ([mutex/lock_event])
[0x000002cead8a8240] Heap_lock - owner thread: 0x000002cead8a8800

Heap address: 0x0000000089000000, size: 1904 MB, Compressed Oops mode: Non-zero based: 0x0000000089000000
Narrow klass base: 0x0000000000000000, Narrow klass shift: 0

GC Heap History (0 events):
No events

Deoptimization events (0 events):
No events

Classes redefined (0 events):
No events

Internal exceptions (0 events):
No events

Events (0 events):
No events


Dynamic libraries:
0x00007ff790870000 - 0x00007ff79087a000 	C:\Program Files\JetBrains\IntelliJ IDEA Community Edition 2019.3.3\jbr\bin\java.exe
0x00007ffeda570000 - 0x00007ffeda768000 	C:\WINDOWS\SYSTEM32\ntdll.dll
0x00007ffed90e0000 - 0x00007ffed919f000 	C:\WINDOWS\System32\KERNEL32.DLL
0x00007ffed81c0000 - 0x00007ffed8492000 	C:\WINDOWS\System32\KERNELBASE.dll
0x00007ffed0ab0000 - 0x00007ffed0ac7000 	C:\Program Files\JetBrains\IntelliJ IDEA Community Edition 2019.3.3\jbr\bin\VCRUNTIME140.dll
0x00007ffed7e10000 - 0x00007ffed7f10000 	C:\WINDOWS\System32\ucrtbase.dll
0x00007ffed1b70000 - 0x00007ffed1b89000 	C:\Program Files\JetBrains\IntelliJ IDEA Community Edition 2019.3.3\jbr\bin\jli.dll
0x00007ffed96a0000 - 0x00007ffed9841000 	C:\WINDOWS\System32\USER32.dll
0x00007ffed8190000 - 0x00007ffed81b2000 	C:\WINDOWS\System32\win32u.dll
0x00007ffeda470000 - 0x00007ffeda49b000 	C:\WINDOWS\System32\GDI32.dll
0x00007ffebb430000 - 0x00007ffebb6ca000 	C:\WINDOWS\WinSxS\amd64_microsoft.windows.common-controls_6595b64144ccf1df_6.0.19041.1110_none_60b5254171f9507e\COMCTL32.dll
0x00007ffed85b0000 - 0x00007ffed864e000 	C:\WINDOWS\System32\msvcrt.dll
0x00007ffed84a0000 - 0x00007ffed85af000 	C:\WINDOWS\System32\gdi32full.dll
0x00007ffed80c0000 - 0x00007ffed815d000 	C:\WINDOWS\System32\msvcp_win.dll
0x00007ffed88c0000 - 0x00007ffed88f2000 	C:\WINDOWS\System32\IMM32.DLL
0x00007ffeb8770000 - 0x00007ffeb880d000 	C:\Program Files\JetBrains\IntelliJ IDEA Community Edition 2019.3.3\jbr\bin\msvcp140.dll
0x00007ffe9f710000 - 0x00007ffea01cb000 	C:\Program Files\JetBrains\IntelliJ IDEA Community Edition 2019.3.3\jbr\bin\server\jvm.dll
0x00007ffed89c0000 - 0x00007ffed8a6e000 	C:\WINDOWS\System32\ADVAPI32.dll
0x00007ffed8c40000 - 0x00007ffed8cdc000 	C:\WINDOWS\System32\sechost.dll
0x00007ffed8730000 - 0x00007ffed8855000 	C:\WINDOWS\System32\RPCRT4.dll
0x00007ffed8c10000 - 0x00007ffed8c18000 	C:\WINDOWS\System32\PSAPI.DLL
0x00007ffed1ce0000 - 0x00007ffed1ce9000 	C:\WINDOWS\SYSTEM32\WSOCK32.dll
0x00007ffed9200000 - 0x00007ffed926b000 	C:\WINDOWS\System32\WS2_32.dll
0x00007ffec01c0000 - 0x00007ffec01e7000 	C:\WINDOWS\SYSTEM32\WINMM.dll
0x00007ffed6250000 - 0x00007ffed625a000 	C:\WINDOWS\SYSTEM32\VERSION.dll
0x00007ffed61c0000 - 0x00007ffed61d2000 	C:\WINDOWS\SYSTEM32\kernel.appcore.dll
0x00007ffed4e00000 - 0x00007ffed4e11000 	C:\Program Files\JetBrains\IntelliJ IDEA Community Edition 2019.3.3\jbr\bin\verify.dll
0x00007ffed56e0000 - 0x00007ffed58c4000 	C:\WINDOWS\SYSTEM32\DBGHELP.DLL
0x00007ffed05d0000 - 0x00007ffed0605000 	C:\WINDOWS\SYSTEM32\dbgcore.DLL
0x00007ffed7f80000 - 0x00007ffed8002000 	C:\WINDOWS\System32\bcryptPrimitives.dll
0x00007ffed1a00000 - 0x00007ffed1a29000 	C:\Program Files\JetBrains\IntelliJ IDEA Community Edition 2019.3.3\jbr\bin\java.dll
0x00007ffed1d50000 - 0x00007ffed1d5f000 	C:\Program Files\JetBrains\IntelliJ IDEA Community Edition 2019.3.3\jbr\bin\instrument.dll
0x00007ffed1cb0000 - 0x00007ffed1cc7000 	C:\Program Files\JetBrains\IntelliJ IDEA Community Edition 2019.3.3\jbr\bin\zip.dll
0x00007ffed1b10000 - 0x00007ffed1b1b000 	C:\Program Files\JetBrains\IntelliJ IDEA Community Edition 2019.3.3\jbr\bin\jimage.dll

dbghelp: loaded successfully - version: 4.0.5 - missing functions: none
symbol engine: initialized successfully - sym options: 0x614 - pdb path: .;C:\Program Files\JetBrains\IntelliJ IDEA Community Edition 2019.3.3\jbr\bin;C:\WINDOWS\SYSTEM32;C:\WINDOWS\WinSxS\amd64_microsoft.windows.common-controls_6595b64144ccf1df_6.0.19041.1110_none_60b5254171f9507e;C:\Program Files\JetBrains\IntelliJ IDEA Community Edition 2019.3.3\jbr\bin\server

VM Arguments:
jvm_args: -javaagent:C:\Users\Victory\.m2\repository/org/aspectj/aspectjweaver/1.9.7/aspectjweaver-1.9.7.jar 
java_command: C:\Users\Victory\AppData\Local\Temp\surefire4831131735127570902\surefirebooter9668888111679532662.jar C:\Users\Victory\AppData\Local\Temp\surefire4831131735127570902 2023-03-12T18-42-51_582-jvmRun1 surefire1713449628191835186tmp surefire_05376010633107044515tmp
java_class_path (initial): C:\Users\Victory\AppData\Local\Temp\surefire4831131735127570902\surefirebooter9668888111679532662.jar
Launcher Type: SUN_STANDARD

[Global flags]
     intx CICompilerCount                          = 4                                         {product} {ergonomic}
     uint ConcGCThreads                            = 2                                         {product} {ergonomic}
     uint G1ConcRefinementThreads                  = 8                                         {product} {ergonomic}
   size_t G1HeapRegionSize                         = 1048576                                   {product} {ergonomic}
    uintx GCDrainStackTargetSize                   = 64                                        {product} {ergonomic}
   size_t InitialHeapSize                          = 125829120                                 {product} {ergonomic}
   size_t MarkStackSize                            = 4194304                                   {product} {ergonomic}
   size_t MaxHeapSize                              = 1996488704                                {product} {ergonomic}
   size_t MinHeapDeltaBytes                        = 1048576                                   {product} {ergonomic}
    uintx NonNMethodCodeHeapSize                   = 5836300                                {pd product} {ergonomic}
    uintx NonProfiledCodeHeapSize                  = 122910970                              {pd product} {ergonomic}
    uintx ProfiledCodeHeapSize                     = 122910970                              {pd product} {ergonomic}
    uintx ReservedCodeCacheSize                    = 251658240                              {pd product} {ergonomic}
     bool SegmentedCodeCache                       = true                                      {product} {ergonomic}
     bool UseCompressedClassPointers               = true                                 {lp64_product} {ergonomic}
     bool UseCompressedOops                        = true                                 {lp64_product} {ergonomic}
     bool UseG1GC                                  = true                                      {product} {ergonomic}
     bool UseLargePagesIndividualAllocation        = false                                  {pd product} {ergonomic}

Logging:
Log output configuration:
 #0: stdout all=warning uptime,level,tags
 #1: stderr all=off uptime,level,tags

Environment Variables:
JAVA_HOME=C:\Program Files\Java\jdk-14.0.1
PATH=C:\Program Files (x86)\Common Files\Oracle\Java\javapath;C:\WINDOWS\system32;C:\WINDOWS;C:\WINDOWS\System32\Wbem;C:\WINDOWS\System32\WindowsPowerShell\v1.0\;C:\WINDOWS\System32\OpenSSH\;c:\Program Files (x86)\Microsoft SQL Server\110\Tools\Binn\;c:\Program Files\Microsoft SQL Server\110\Tools\Binn\;c:\Program Files\Microsoft SQL Server\110\DTS\Binn\;C:\Program Files\Java\jdk-14.0.1\bin;C:\Program Files\apache-maven-3.6.3\bin;C:\Program Files\Git\cmd;C:\Users\Victory\Desktop\allure-2.15.0\bin;;C:\Program Files\Docker\Docker\resources\bin;C:\Users\Вика\AppData\Local\Microsoft\WindowsApps;C:\Users\Вика\AppData\Local\Programs\Fiddler;C:\Program Files\JetBrains\IntelliJ IDEA Community Edition 2019.3.3\bin;;C:\Users\Victory\AppData\Local\Microsoft\WindowsApps;C:\Users\Victory\Desktop\allure-2.15.0\bin;
USERNAME=Victory
OS=Windows_NT
PROCESSOR_IDENTIFIER=Intel64 Family 6 Model 142 Stepping 10, GenuineIntel



---------------  S Y S T E M  ---------------

OS: Windows 10 , 64 bit Build 19041 (10.0.19041.2546)
HyperV virtualization detected

CPU:total 8 (initial active 8) (4 cores per cpu, 2 threads per core) family 6 model 142 stepping 10, cmov, cx8, fxsr, mmx, sse, sse2, sse3, ssse3, sse4.1, sse4.2, popcnt, avx, avx2, aes, clmul, erms, 3dnowpref, lzcnt, ht, tsc, tscinvbit, bmi1, bmi2, adx, fma

Memory: 4k page, system-wide physical 7611M (535M free)
TotalPageFile size 28808M (AvailPageFile size 51M)
current process WorkingSet (physical memory assigned to process): 9M, peak: 9M
current process commit charge ("private bytes"): 59M, peak: 179M

vm_info: OpenJDK 64-Bit Server VM (11.0.5+10-b520.38) for windows-amd64 JRE (11.0.5+10-b520.38), built on Jan 23 2020 07:58:32 by "" with MS VC++ 14.0 (VS2015)

END.
